<?xml version="1.0" encoding="utf-8"?><testsuites name="pytest tests"><testsuite name="pytest" errors="0" failures="0" skipped="0" tests="20" time="4.657" timestamp="2026-07-09T21:15:38.026010+00:00" hostname="agent-env-fd503ae1-96b0-435d-a538-d17984766a8e"><testcase classname="tests.backend_test.TestAuth" name="test_login_admin_success" time="0.396" /><testcase classname="tests.backend_test.TestAuth" name="test_login_invalid_credentials" time="0.484" /><testcase classname="tests.backend_test.TestAuth" name="test_me_requires_auth" time="0.098" /><testcase classname="tests.backend_test.TestOrderFlow" name="test_forecasts_endpoint" time="1.029" /><testcase classname="tests.backend_test.TestOrderFlow" name="test_update_forecast_o1_and_planning" time="0.693" /><testcase classname="tests.backend_test.TestAuth" name="test_me_returns_user" time="0.407" /><testcase classname="tests.backend_test.TestAuth" name="test_register_and_autologin" time="0.425" /><testcase classname="tests.backend_test.TestOrderFlow" name="test_planning_inventory_and_to_order" time="0.150" /><testcase classname="tests.backend_test.TestAuth" name="test_register_duplicate_email" time="0.460" /><testcase classname="tests.backend_test.TestOrderFlow" name="test_order_endpoint_and_variance" time="0.467" /><testcase classname="tests.backend_test.TestAuth" name="test_logout_clears_cookie" time="0.556" /><testcase classname="tests.backend_test.TestOrderFlow" name="test_order_invalid_cycle" time="0.255" /><testcase classname="tests.backend_test.TestOrderFlow" name="test_variance_invalid_cycle" time="0.091" /><testcase classname="tests.backend_test.TestSettings" name="test_get_settings" time="0.090" /><testcase classname="tests.backend_test.TestSettings" name="test_update_settings_persists" time="0.194" /><testcase classname="tests.backend_test.TestRecipes" name="test_recipes_requires_auth" time="0.097" /><testcase classname="tests.backend_test.TestRecipes" name="test_create_recipe_creates_ingredient_and_forecast" time="0.419" /><testcase classname="tests.backend_test.TestSummary" name="test_summary_returns_10_cycles" time="0.699" /><testcase classname="tests.backend_test.TestRecipes" name="test_update_recipe" time="0.269" /><testcase classname="tests.backend_test.TestRecipes" name="test_delete_recipe" time="0.513" /></testsuite></testsuites>